[14:15:23.573 Verbose] - BuildManager - System.IO.FileNotFoundException: Não foi possível encontrar uma parte do caminho 'D:\Zecar\Documents\projecto-estagio\MasterData\bin\Debug\netcoreapp5.0\ref\DDDNetCore.dll'.
Nome de ficheiro: 'D:\Zecar\Documents\projecto-estagio\MasterData\bin\Debug\netcoreapp5.0\ref\DDDNetCore.dll' ---> System.IO.DirectoryNotFoundException: Não foi possível encontrar uma parte do caminho 'D:\Zecar\Documents\projecto-estagio\MasterData\bin\Debug\netcoreapp5.0\ref\DDDNetCore.dll'.
   em System.IO.__Error.WinIOError(Int32 errorCode, String maybeFullPath)
   em System.IO.FileStream.Init(String path, FileMode mode, FileAccess access, Int32 rights, Boolean useRights, FileShare share, Int32 bufferSize, FileOptions options, SECURITY_ATTRIBUTES secAttrs, String msgPath, Boolean bFromProxy, Boolean useLongPath, Boolean checkHost)
   em System.IO.FileStream..ctor(String path, FileMode mode, FileAccess access, FileShare share)
   em Roslyn.Utilities.StandardFileSystem.OpenFile(String filePath, FileMode mode, FileAccess access, FileShare share)
   em Roslyn.Utilities.CommonCompilerFileSystemExtensions.OpenFileWithNormalizedException(ICommonCompilerFileSystem fileSystem, String filePath, FileMode fileMode, FileAccess fileAccess, FileShare fileShare)
   em Roslyn.Utilities.CommonCompilerFileSystemExtensions.OpenFileWithNormalizedException(ICommonCompilerFileSystem fileSystem, String filePath, FileMode fileMode, FileAccess fileAccess, FileShare fileShare)
   em Microsoft.CodeAnalysis.LiveUnitTesting.BuildManagement.Legacy.CompilationComparer.TryGetReference(CommandLineReference commandLineReference, Logger logger, MetadataReference& reference)
[14:15:23.954 Verbose] - BuildManager - D:\Zecar\Documents\projecto-estagio\TesteUnitMasterD\Employee\EmployeeServiceTest.cs(4,7): error CS0246: O nome do tipo ou do namespace "DDDSample1" não pode ser encontrado (está faltando uma diretiva using ou uma referência de assembly?)
[14:15:23.954 Verbose] - BuildManager - D:\Zecar\Documents\projecto-estagio\TesteUnitMasterD\Employee\EmployeeServiceTest.cs(5,7): error CS0246: O nome do tipo ou do namespace "DDDSample1" não pode ser encontrado (está faltando uma diretiva using ou uma referência de assembly?)
[14:15:23.954 Verbose] - BuildManager - D:\Zecar\Documents\projecto-estagio\TesteUnitMasterD\Employee\EmployeeServiceTest.cs(6,7): error CS0246: O nome do tipo ou do namespace "MasterData" não pode ser encontrado (está faltando uma diretiva using ou uma referência de assembly?)
[14:15:23.954 Verbose] - BuildManager - D:\Zecar\Documents\projecto-estagio\TesteUnitMasterD\Employee\EmployeeTests.cs(4,7): error CS0246: O nome do tipo ou do namespace "DDDSample1" não pode ser encontrado (está faltando uma diretiva using ou uma referência de assembly?)
[14:15:23.954 Verbose] - BuildManager - D:\Zecar\Documents\projecto-estagio\TesteUnitMasterD\Employee\EmployeeTests.cs(5,7): error CS0246: O nome do tipo ou do namespace "MasterData" não pode ser encontrado (está faltando uma diretiva using ou uma referência de assembly?)
[14:15:23.954 Verbose] - BuildManager - D:\Zecar\Documents\projecto-estagio\TesteUnitMasterD\Employee\EmployeeTests.cs(6,7): error CS0246: O nome do tipo ou do namespace "DDDSample1" não pode ser encontrado (está faltando uma diretiva using ou uma referência de assembly?)
[14:15:23.954 Verbose] - BuildManager - D:\Zecar\Documents\projecto-estagio\TesteUnitMasterD\Employee\EmployeeTests.cs(19,16): error CS0246: O nome do tipo ou do namespace "Job_PositionType" não pode ser encontrado (está faltando uma diretiva using ou uma referência de assembly?)
[14:15:23.954 Verbose] - BuildManager - D:\Zecar\Documents\projecto-estagio\TesteUnitMasterD\Employee\EmployeeServiceTest.cs(16,22): error CS0246: O nome do tipo ou do namespace "IUnitOfWork" não pode ser encontrado (está faltando uma diretiva using ou uma referência de assembly?)
[14:15:23.954 Verbose] - BuildManager - D:\Zecar\Documents\projecto-estagio\TesteUnitMasterD\Employee\EmployeeTests.cs(23,16): error CS0246: O nome do tipo ou do namespace "EmailType" não pode ser encontrado (está faltando uma diretiva using ou uma referência de assembly?)
[14:15:23.954 Verbose] - BuildManager - D:\Zecar\Documents\projecto-estagio\TesteUnitMasterD\Employee\EmployeeTests.cs(27,16): error CS0246: O nome do tipo ou do namespace "PhoneNumberType" não pode ser encontrado (está faltando uma diretiva using ou uma referência de assembly?)
[14:15:23.954 Verbose] - BuildManager - D:\Zecar\Documents\projecto-estagio\TesteUnitMasterD\Employee\EmployeeTests.cs(29,16): error CS0246: O nome do tipo ou do namespace "PhoneNumberType" não pode ser encontrado (está faltando uma diretiva using ou uma referência de assembly?)
[14:15:23.954 Verbose] - BuildManager - D:\Zecar\Documents\projecto-estagio\TesteUnitMasterD\Employee\EmployeeServiceTest.cs(17,22): error CS0246: O nome do tipo ou do namespace "IEmployeeRepository" não pode ser encontrado (está faltando uma diretiva using ou uma referência de assembly?)
[14:15:23.954 Verbose] - BuildManager - D:\Zecar\Documents\projecto-estagio\TesteUnitMasterD\Employee\EmployeeTests.cs(19,52): error CS0246: O nome do tipo ou do namespace "Job_PositionType" não pode ser encontrado (está faltando uma diretiva using ou uma referência de assembly?)
[14:15:23.954 Verbose] - BuildManager - D:\Zecar\Documents\projecto-estagio\TesteUnitMasterD\Employee\EmployeeTests.cs(23,41): error CS0246: O nome do tipo ou do namespace "EmailType" não pode ser encontrado (está faltando uma diretiva using ou uma referência de assembly?)
[14:15:23.954 Verbose] - BuildManager - D:\Zecar\Documents\projecto-estagio\TesteUnitMasterD\Employee\EmployeeTests.cs(27,53): error CS0246: O nome do tipo ou do namespace "PhoneNumberType" não pode ser encontrado (está faltando uma diretiva using ou uma referência de assembly?)
[14:15:23.954 Verbose] - BuildManager - D:\Zecar\Documents\projecto-estagio\TesteUnitMasterD\Employee\EmployeeTests.cs(29,54): error CS0246: O nome do tipo ou do namespace "PhoneNumberType" não pode ser encontrado (está faltando uma diretiva using ou uma referência de assembly?)
[14:15:23.954 Verbose] - BuildManager - D:\Zecar\Documents\projecto-estagio\TesteUnitMasterD\Employee\EmployeeServiceTest.cs(16,62): error CS0246: O nome do tipo ou do namespace "IUnitOfWork" não pode ser encontrado (está faltando uma diretiva using ou uma referência de assembly?)
[14:15:23.954 Verbose] - BuildManager - D:\Zecar\Documents\projecto-estagio\TesteUnitMasterD\Employee\EmployeeServiceTest.cs(17,82): error CS0246: O nome do tipo ou do namespace "IEmployeeRepository" não pode ser encontrado (está faltando uma diretiva using ou uma referência de assembly?)
[14:15:23.954 Verbose] - BuildManager - D:\Zecar\Documents\projecto-estagio\TesteUnitMasterD\Employee\EmployeeTests.cs(41,13): error CS0246: O nome do tipo ou do namespace "Employee" não pode ser encontrado (está faltando uma diretiva using ou uma referência de assembly?)
[14:15:23.954 Verbose] - BuildManager - D:\Zecar\Documents\projecto-estagio\TesteUnitMasterD\Employee\EmployeeTests.cs(41,37): error CS0246: O nome do tipo ou do namespace "Employee" não pode ser encontrado (está faltando uma diretiva using ou uma referência de assembly?)
[14:15:23.954 Verbose] - BuildManager - D:\Zecar\Documents\projecto-estagio\TesteUnitMasterD\Employee\EmployeeTests.cs(54,27): error CS0246: O nome do tipo ou do namespace "BusinessRuleValidationException" não pode ser encontrado (está faltando uma diretiva using ou uma referência de assembly?)
[14:15:23.954 Verbose] - BuildManager - D:\Zecar\Documents\projecto-estagio\TesteUnitMasterD\Employee\EmployeeTests.cs(54,70): error CS0246: O nome do tipo ou do namespace "Employee" não pode ser encontrado (está faltando uma diretiva using ou uma referência de assembly?)
[14:15:23.954 Verbose] - BuildManager - D:\Zecar\Documents\projecto-estagio\TesteUnitMasterD\Employee\EmployeeServiceTest.cs(35,13): error CS0246: O nome do tipo ou do namespace "Employee" não pode ser encontrado (está faltando uma diretiva using ou uma referência de assembly?)
[14:15:23.954 Verbose] - BuildManager - D:\Zecar\Documents\projecto-estagio\TesteUnitMasterD\Employee\EmployeeServiceTest.cs(35,37): error CS0246: O nome do tipo ou do namespace "Employee" não pode ser encontrado (está faltando uma diretiva using ou uma referência de assembly?)
[14:15:23.954 Verbose] - BuildManager - D:\Zecar\Documents\projecto-estagio\TesteUnitMasterD\Employee\EmployeeServiceTest.cs(39,44): error CS0246: O nome do tipo ou do namespace "EmployeeService" não pode ser encontrado (está faltando uma diretiva using ou uma referência de assembly?)
[14:15:23.954 Verbose] - BuildManager - D:\Zecar\Documents\projecto-estagio\TesteUnitMasterD\Employee\EmployeeServiceTest.cs(41,65): error CS0246: O nome do tipo ou do namespace "EmployeeDto" não pode ser encontrado (está faltando uma diretiva using ou uma referência de assembly?)
[14:15:23.955 Verbose] - BuildManager - D:\Zecar\Documents\projecto-estagio\TesteUnitMasterD\Employee\EmployeeTests.cs(17,24): warning CS0414: O campo "EmployeeTests.wrongName" é atribuído, mas seu valor nunca é usado
[14:15:23.958 Verbose] - BuildManager - C:\Program Files (x86)\Microsoft Visual Studio\2019\Enterprise\MSBuild\Current\Bin\Roslyn\Microsoft.CSharp.Core.targets(71,5): error MSB4181: A tarefa "Csc" retornou false, mas não registrou um erro.
[14:15:23.977 Verbose] - BuildManager - Alguns dos caminhos de arquivo definidos no csproj no caminho de build do Live Unit Testing estão ausentes. Verifique se esses arquivos devem estar presentes no caminho de build do Live Unit Testing e, se necessário, atualize a definição do csproj para pesquisar esses arquivos em um local diferente.
[14:15:23.980 Verbose] - BuildManager - Item do _OutputPathItem 'D:\Zecar\Documents\projecto-estagio\TesteUnitMasterD\.vs\TesteUnitMasterD\v16\lut\0\b\TesteUnitMasterD\Debug\net5.0\' avaliado por meio de:
_OutputPathItem: '$(OutDir)' @ C:\Program Files (x86)\Microsoft Visual Studio\2019\Enterprise\MSBuild\Current\Bin\Microsoft.Common.CurrentVersion.targets:310
  OutDir: '$(OutputPath)' @ C:\Program Files (x86)\Microsoft Visual Studio\2019\Enterprise\MSBuild\Current\Bin\Microsoft.Common.CurrentVersion.targets:228
    OutputPath: '$(OutputPath)$(TargetFramework.ToLowerInvariant())\' @ C:\Program Files\dotnet\sdk\5.0.408\Sdks\Microsoft.NET.Sdk\targets\Microsoft.NET.TargetFrameworkInference.targets:242
      OutputPath: '$(BaseOutputPath)$(Configuration)\' @ C:\Program Files\dotnet\sdk\5.0.408\Sdks\Microsoft.NET.Sdk\targets\Microsoft.NET.DefaultOutputPaths.targets:33
        BaseOutputPath: 'D:\Zecar\Documents\projecto-estagio\TesteUnitMasterD\.vs\TesteUnitMasterD\v16\lut\0\b\TesteUnitMasterD\' @ D:\Zecar\Documents\projecto-estagio\TesteUnitMasterD\TesteUnitMasterD.csproj:0
        Configuration: 'Debug'
[14:15:23.980 Verbose] - BuildManager - Item do AppConfigFileDestination 'D:\Zecar\Documents\projecto-estagio\TesteUnitMasterD\.vs\TesteUnitMasterD\v16\lut\0\b\TesteUnitMasterD\Debug\net5.0\TesteUnitMasterD.dll.config' avaliado por meio de:
AppConfigFileDestination: '$(OutDir)$(TargetFileName).config' @ C:\Program Files (x86)\Microsoft Visual Studio\2019\Enterprise\MSBuild\Current\Bin\Microsoft.Common.CurrentVersion.targets:338
  OutDir: '$(OutputPath)' @ C:\Program Files (x86)\Microsoft Visual Studio\2019\Enterprise\MSBuild\Current\Bin\Microsoft.Common.CurrentVersion.targets:228
    OutputPath: '$(OutputPath)$(TargetFramework.ToLowerInvariant())\' @ C:\Program Files\dotnet\sdk\5.0.408\Sdks\Microsoft.NET.Sdk\targets\Microsoft.NET.TargetFrameworkInference.targets:242
      OutputPath: '$(BaseOutputPath)$(Configuration)\' @ C:\Program Files\dotnet\sdk\5.0.408\Sdks\Microsoft.NET.Sdk\targets\Microsoft.NET.DefaultOutputPaths.targets:33
        BaseOutputPath: 'D:\Zecar\Documents\projecto-estagio\TesteUnitMasterD\.vs\TesteUnitMasterD\v16\lut\0\b\TesteUnitMasterD\' @ D:\Zecar\Documents\projecto-estagio\TesteUnitMasterD\TesteUnitMasterD.csproj:0
        Configuration: 'Debug'
  TargetFileName: '$(TargetName)$(TargetExt)' @ C:\Program Files (x86)\Microsoft Visual Studio\2019\Enterprise\MSBuild\Current\Bin\Microsoft.Common.CurrentVersion.targets:248
    TargetName: '$(AssemblyName)' @ C:\Program Files (x86)\Microsoft Visual Studio\2019\Enterprise\MSBuild\Current\Bin\Microsoft.Common.CurrentVersion.targets:240
      AssemblyName: '$(MSBuildProjectName)' @ C:\Program Files\dotnet\sdk\5.0.408\Sdks\Microsoft.NET.Sdk\targets\Microsoft.NET.Sdk.props:32
        MSBuildProjectName: 'TesteUnitMasterD'
    TargetExt: '.dll' @ C:\Program Files\dotnet\sdk\5.0.408\Sdks\Microsoft.NET.Sdk\targets\Microsoft.NET.Sdk.BeforeCommon.targets:99
[14:15:23.980 Verbose] - BuildManager - Item do CreateDirectory 'D:\Zecar\Documents\projecto-estagio\TesteUnitMasterD\.vs\TesteUnitMasterD\v16\lut\0\b\TesteUnitMasterD\Debug\net5.0\ref' avaliado por meio de:
CreateDirectory: '$(OutDir)ref' @ C:\Program Files (x86)\Microsoft Visual Studio\2019\Enterprise\MSBuild\Current\Bin\Microsoft.Common.CurrentVersion.targets:398
  OutDir: '$(OutputPath)' @ C:\Program Files (x86)\Microsoft Visual Studio\2019\Enterprise\MSBuild\Current\Bin\Microsoft.Common.CurrentVersion.targets:228
    OutputPath: '$(OutputPath)$(TargetFramework.ToLowerInvariant())\' @ C:\Program Files\dotnet\sdk\5.0.408\Sdks\Microsoft.NET.Sdk\targets\Microsoft.NET.TargetFrameworkInference.targets:242
      OutputPath: '$(BaseOutputPath)$(Configuration)\' @ C:\Program Files\dotnet\sdk\5.0.408\Sdks\Microsoft.NET.Sdk\targets\Microsoft.NET.DefaultOutputPaths.targets:33
        BaseOutputPath: 'D:\Zecar\Documents\projecto-estagio\TesteUnitMasterD\.vs\TesteUnitMasterD\v16\lut\0\b\TesteUnitMasterD\' @ D:\Zecar\Documents\projecto-estagio\TesteUnitMasterD\TesteUnitMasterD.csproj:0
        Configuration: 'Debug'
[14:15:23.980 Verbose] - BuildManager - Item do _DebugSymbolsOutputPath 'D:\Zecar\Documents\projecto-estagio\TesteUnitMasterD\.vs\TesteUnitMasterD\v16\lut\0\b\TesteUnitMasterD\Debug\net5.0\TesteUnitMasterD.pdb' avaliado por meio de:
_DebugSymbolsOutputPath: '@(_DebugSymbolsIntermediatePath->'$(OutDir)%(Filename)%(Extension)')' @ C:\Program Files (x86)\Microsoft Visual Studio\2019\Enterprise\MSBuild\Current\Bin\Microsoft.Common.CurrentVersion.targets:404
  OutDir: '$(OutputPath)' @ C:\Program Files (x86)\Microsoft Visual Studio\2019\Enterprise\MSBuild\Current\Bin\Microsoft.Common.CurrentVersion.targets:228
    OutputPath: '$(OutputPath)$(TargetFramework.ToLowerInvariant())\' @ C:\Program Files\dotnet\sdk\5.0.408\Sdks\Microsoft.NET.Sdk\targets\Microsoft.NET.TargetFrameworkInference.targets:242
      OutputPath: '$(BaseOutputPath)$(Configuration)\' @ C:\Program Files\dotnet\sdk\5.0.408\Sdks\Microsoft.NET.Sdk\targets\Microsoft.NET.DefaultOutputPaths.targets:33
        BaseOutputPath: 'D:\Zecar\Documents\projecto-estagio\TesteUnitMasterD\.vs\TesteUnitMasterD\v16\lut\0\b\TesteUnitMasterD\' @ D:\Zecar\Documents\projecto-estagio\TesteUnitMasterD\TesteUnitMasterD.csproj:0
        Configuration: 'Debug'
[14:15:23.980 Verbose] - BuildManager - Item do _ApplicationManifestFinal 'D:\Zecar\Documents\projecto-estagio\TesteUnitMasterD\.vs\TesteUnitMasterD\v16\lut\0\b\TesteUnitMasterD\Debug\net5.0\Native.TesteUnitMasterD.manifest' avaliado por meio de:
_ApplicationManifestFinal: '$(OutDir)$(_DeploymentTargetApplicationManifestFileName)' @ C:\Program Files (x86)\Microsoft Visual Studio\2019\Enterprise\MSBuild\Current\Bin\Microsoft.Common.CurrentVersion.targets:442
  OutDir: '$(OutputPath)' @ C:\Program Files (x86)\Microsoft Visual Studio\2019\Enterprise\MSBuild\Current\Bin\Microsoft.Common.CurrentVersion.targets:228
    OutputPath: '$(OutputPath)$(TargetFramework.ToLowerInvariant())\' @ C:\Program Files\dotnet\sdk\5.0.408\Sdks\Microsoft.NET.Sdk\targets\Microsoft.NET.TargetFrameworkInference.targets:242
      OutputPath: '$(BaseOutputPath)$(Configuration)\' @ C:\Program Files\dotnet\sdk\5.0.408\Sdks\Microsoft.NET.Sdk\targets\Microsoft.NET.DefaultOutputPaths.targets:33
        BaseOutputPath: 'D:\Zecar\Documents\projecto-estagio\TesteUnitMasterD\.vs\TesteUnitMasterD\v16\lut\0\b\TesteUnitMasterD\' @ D:\Zecar\Documents\projecto-estagio\TesteUnitMasterD\TesteUnitMasterD.csproj:0
        Configuration: 'Debug'
  _DeploymentTargetApplicationManifestFileName: 'Native.$(AssemblyName).manifest' @ C:\Program Files (x86)\Microsoft Visual Studio\2019\Enterprise\MSBuild\Current\Bin\Microsoft.Common.CurrentVersion.targets:264
    AssemblyName: '$(MSBuildProjectName)' @ C:\Program Files\dotnet\sdk\5.0.408\Sdks\Microsoft.NET.Sdk\targets\Microsoft.NET.Sdk.props:32
      MSBuildProjectName: 'TesteUnitMasterD'
